This file contains any messages produced by compilers while
running configure, to aid debugging if configure makes a mistake.

It was created by configure, which was
generated by GNU Autoconf 2.69.  Invocation command line was

  $ ./configure --enable-static --disable-shared --without-tools

## --------- ##
## Platform. ##
## --------- ##

hostname = ABC-PC2
uname -m = i686
uname -r = 1.0.18(0.48/3/2)
uname -s = MINGW32_NT-6.1
uname -v = 2012-11-21 22:34

/usr/bin/uname -p = unknown
/bin/uname -X     = unknown

/bin/arch              = unknown
/usr/bin/arch -k       = unknown
/usr/convex/getsysinfo = unknown
/usr/bin/hostinfo      = unknown
/bin/machine           = unknown
/usr/bin/oslevel       = unknown
/bin/universe          = unknown

PATH: .
PATH: /usr/local/bin
PATH: /mingw/bin
PATH: /bin
PATH: /c/mingw32/bin
PATH: /c/Program Files (x86)/AMD APP/bin/x86_64
PATH: /c/Program Files (x86)/AMD APP/bin/x86
PATH: /c/Windows/system32
PATH: /c/Windows
PATH: /c/Windows/System32/Wbem
PATH: /c/Windows/System32/WindowsPowerShell/v1.0/
PATH: /c/Program Files (x86)/ATI Technologies/ATI.ACE/Core-Static
PATH: /c/Program Files/TortoiseSVN/bin
PATH: /c/Program Files/Microsoft SQL Server/110/Tools/Binn/
PATH: /c/Program Files (x86)/Microsoft SQL Server/100/Tools/Binn/
PATH: /c/Program Files (x86)/Microsoft SQL Server/100/DTS/Binn/
PATH: /c/Android-SDK-Windows/sdk/platform-tools/
PATH: /c/Program Files/Calibre2/
PATH: /c/Python27/
PATH: /c/Program Files (x86)/Microsoft Visual Studio/Common/Tools/WinNT
PATH: /c/Program Files (x86)/Microsoft Visual Studio/Common/MSDev98/Bin
PATH: /c/Program Files (x86)/Microsoft Visual Studio/Common/Tools
PATH: /c/Program Files (x86)/Microsoft Visual Studio/VC98/bin


## ----------- ##
## Core tests. ##
## ----------- ##

configure:2229: checking build system type
configure:2243: result: i686-pc-mingw32
configure:2263: checking host system type
configure:2276: result: i686-pc-mingw32
configure:2296: checking target system type
configure:2309: result: i686-pc-mingw32
configure:2352: checking for a BSD-compatible install
configure:2420: result: /bin/install -c
configure:2431: checking whether build environment is sane
configure:2481: result: yes
configure:2622: checking for a thread-safe mkdir -p
configure:2661: result: /bin/mkdir -p
configure:2674: checking for gawk
configure:2690: found /bin/gawk
configure:2701: result: gawk
configure:2712: checking whether make sets $(MAKE)
configure:2734: result: yes
configure:2858: checking for style of include used by make
configure:2886: result: GNU
configure:2957: checking for gcc
configure:2973: found /c/mingw32/bin/gcc
configure:2984: result: gcc
configure:3213: checking for C compiler version
configure:3222: gcc --version >&5
gcc.exe (i686-posix-dwarf-rev1, Built by MinGW-W64 project) 4.9.1
Copyright (C) 2014 Free Software Foundation, Inc.
This is free software; see the source for copying conditions.  There is NO
warranty; not even for MERCHANTABILITY or FITNESS FOR A PARTICULAR PURPOSE.

configure:3233: $? = 0
configure:3222: gcc -v >&5
Using built-in specs.
COLLECT_GCC=c:\mingw32\bin\gcc.exe
COLLECT_LTO_WRAPPER=c:/mingw32/bin/../libexec/gcc/i686-w64-mingw32/4.9.1/lto-wrapper.exe
Target: i686-w64-mingw32
Configured with: ../../../src/gcc-4.9.1/configure --host=i686-w64-mingw32 --build=i686-w64-mingw32 --target=i686-w64-mingw32 --prefix=/mingw32 --with-sysroot=/c/mingw491/i686-491-posix-dwarf-rt_v3-rev1/mingw32 --with-gxx-include-dir=/mingw32/i686-w64-mingw32/include/c++ --enable-shared --enable-static --disable-multilib --enable-languages=ada,c,c++,fortran,objc,obj-c++,lto --enable-libstdcxx-time=yes --enable-threads=posix --enable-libgomp --enable-libatomic --enable-lto --enable-graphite --enable-checking=release --enable-fully-dynamic-string --enable-version-specific-runtime-libs --disable-sjlj-exceptions --with-dwarf2 --disable-isl-version-check --disable-cloog-version-check --disable-libstdcxx-pch --disable-libstdcxx-debug --enable-bootstrap --disable-rpath --disable-win32-registry --disable-nls --disable-werror --disable-symvers --with-gnu-as --with-gnu-ld --with-arch=i686 --with-tune=generic --with-libiconv --with-system-zlib --with-gmp=/c/mingw491/prerequisites/i686-w64-mingw32-static --with-mpfr=/c/mingw491/prerequisites/i686-w64-mingw32-static --with-mpc=/c/mingw491/prerequisites/i686-w64-mingw32-static --with-isl=/c/mingw491/prerequisites/i686-w64-mingw32-static --with-cloog=/c/mingw491/prerequisites/i686-w64-mingw32-static --enable-cloog-backend=isl --with-pkgversion='i686-posix-dwarf-rev1, Built by MinGW-W64 project' --with-bugurl=http://sourceforge.net/projects/mingw-w64 CFLAGS='-O2 -pipe -I/c/mingw491/i686-491-posix-dwarf-rt_v3-rev1/mingw32/opt/include -I/c/mingw491/prerequisites/i686-zlib-static/include -I/c/mingw491/prerequisites/i686-w64-mingw32-static/include' CXXFLAGS='-O2 -pipe -I/c/mingw491/i686-491-posix-dwarf-rt_v3-rev1/mingw32/opt/include -I/c/mingw491/prerequisites/i686-zlib-static/include -I/c/mingw491/prerequisites/i686-w64-mingw32-static/include' CPPFLAGS= LDFLAGS='-pipe -L/c/mingw491/i686-491-posix-dwarf-rt_v3-rev1/mingw32/opt/lib -L/c/mingw491/prerequisites/i686-zlib-static/lib -L/c/mingw491/prerequisites/i686-w64-mingw32-static/lib -Wl,--large-address-aware'
Thread model: posix
gcc version 4.9.1 (i686-posix-dwarf-rev1, Built by MinGW-W64 project) 
configure:3233: $? = 0
configure:3222: gcc -V >&5
gcc.exe: error: unrecognized command line option '-V'
gcc.exe: fatal error: no input files
compilation terminated.
configure:3233: $? = 1
configure:3222: gcc -qversion >&5
gcc.exe: error: unrecognized command line option '-qversion'
gcc.exe: fatal error: no input files
compilation terminated.
configure:3233: $? = 1
configure:3253: checking whether the C compiler works
configure:3275: gcc    conftest.c ../libpng-1.6.12/.libs/libpng.a ../../mingw32/i686-w64-mingw32/lib/libz.a >&5
configure:3279: $? = 0
configure:3327: result: yes
configure:3330: checking for C compiler default output file name
configure:3332: result: a.exe
configure:3338: checking for suffix of executables
configure:3345: gcc -o conftest.exe    conftest.c ../libpng-1.6.12/.libs/libpng.a ../../mingw32/i686-w64-mingw32/lib/libz.a >&5
configure:3349: $? = 0
configure:3371: result: .exe
configure:3393: checking whether we are cross compiling
configure:3401: gcc -o conftest.exe    conftest.c ../libpng-1.6.12/.libs/libpng.a ../../mingw32/i686-w64-mingw32/lib/libz.a >&5
configure:3405: $? = 0
configure:3412: ./conftest.exe
configure:3416: $? = 0
configure:3431: result: no
configure:3436: checking for suffix of object files
configure:3458: gcc -c   conftest.c >&5
configure:3462: $? = 0
configure:3483: result: o
configure:3487: checking whether we are using the GNU C compiler
configure:3506: gcc -c   conftest.c >&5
configure:3506: $? = 0
configure:3515: result: yes
configure:3524: checking whether gcc accepts -g
configure:3544: gcc -c -g  conftest.c >&5
configure:3544: $? = 0
configure:3585: result: yes
configure:3602: checking for gcc option to accept ISO C89
configure:3665: gcc  -c -g -O2  conftest.c >&5
configure:3665: $? = 0
configure:3678: result: none needed
configure:3700: checking dependency style of gcc
configure:3811: result: gcc3
configure:3827: checking for an ANSI C-conforming const
configure:3893: gcc -c -g -O2  conftest.c >&5
configure:3893: $? = 0
configure:3900: result: yes
configure:3908: checking for inline
configure:3924: gcc -c -g -O2  conftest.c >&5
configure:3924: $? = 0
configure:3932: result: inline
configure:3955: checking how to run the C preprocessor
configure:3986: gcc -E  conftest.c
configure:3986: $? = 0
configure:4000: gcc -E  conftest.c
conftest.c:14:28: fatal error: ac_nonexistent.h: No such file or directory
 #include <ac_nonexistent.h>
                            ^
compilation terminated.
configure:4000: $? = 1
configure: failed program was:
| /* confdefs.h */
| #define PACKAGE_NAME ""
| #define PACKAGE_TARNAME ""
| #define PACKAGE_VERSION ""
| #define PACKAGE_STRING ""
| #define PACKAGE_BUGREPORT ""
| #define PACKAGE_URL ""
| #define MAJOR_VERSION 3
| #define MINOR_VERSION 4
| #define MICRO_VERSION 3
| #define PACKAGE "qrencode"
| #define VERSION "3.4.3"
| /* end confdefs.h.  */
| #include <ac_nonexistent.h>
configure:4025: result: gcc -E
configure:4045: gcc -E  conftest.c
configure:4045: $? = 0
configure:4059: gcc -E  conftest.c
conftest.c:14:28: fatal error: ac_nonexistent.h: No such file or directory
 #include <ac_nonexistent.h>
                            ^
compilation terminated.
configure:4059: $? = 1
configure: failed program was:
| /* confdefs.h */
| #define PACKAGE_NAME ""
| #define PACKAGE_TARNAME ""
| #define PACKAGE_VERSION ""
| #define PACKAGE_STRING ""
| #define PACKAGE_BUGREPORT ""
| #define PACKAGE_URL ""
| #define MAJOR_VERSION 3
| #define MINOR_VERSION 4
| #define MICRO_VERSION 3
| #define PACKAGE "qrencode"
| #define VERSION "3.4.3"
| /* end confdefs.h.  */
| #include <ac_nonexistent.h>
configure:4088: checking for grep that handles long lines and -e
configure:4146: result: /bin/grep
configure:4151: checking for egrep
configure:4213: result: /bin/grep -E
configure:4218: checking for ANSI C header files
configure:4238: gcc -c -g -O2  conftest.c >&5
configure:4238: $? = 0
configure:4311: gcc -o conftest.exe -g -O2   conftest.c ../libpng-1.6.12/.libs/libpng.a ../../mingw32/i686-w64-mingw32/lib/libz.a >&5
configure:4311: $? = 0
configure:4311: ./conftest.exe
configure:4311: $? = 0
configure:4322: result: yes
configure:4379: checking for gcc
configure:4406: result: gcc
configure:4635: checking for C compiler version
configure:4644: gcc --version >&5
gcc.exe (i686-posix-dwarf-rev1, Built by MinGW-W64 project) 4.9.1
Copyright (C) 2014 Free Software Foundation, Inc.
This is free software; see the source for copying conditions.  There is NO
warranty; not even for MERCHANTABILITY or FITNESS FOR A PARTICULAR PURPOSE.

configure:4655: $? = 0
configure:4644: gcc -v >&5
Using built-in specs.
COLLECT_GCC=c:\mingw32\bin\gcc.exe
COLLECT_LTO_WRAPPER=c:/mingw32/bin/../libexec/gcc/i686-w64-mingw32/4.9.1/lto-wrapper.exe
Target: i686-w64-mingw32
Configured with: ../../../src/gcc-4.9.1/configure --host=i686-w64-mingw32 --build=i686-w64-mingw32 --target=i686-w64-mingw32 --prefix=/mingw32 --with-sysroot=/c/mingw491/i686-491-posix-dwarf-rt_v3-rev1/mingw32 --with-gxx-include-dir=/mingw32/i686-w64-mingw32/include/c++ --enable-shared --enable-static --disable-multilib --enable-languages=ada,c,c++,fortran,objc,obj-c++,lto --enable-libstdcxx-time=yes --enable-threads=posix --enable-libgomp --enable-libatomic --enable-lto --enable-graphite --enable-checking=release --enable-fully-dynamic-string --enable-version-specific-runtime-libs --disable-sjlj-exceptions --with-dwarf2 --disable-isl-version-check --disable-cloog-version-check --disable-libstdcxx-pch --disable-libstdcxx-debug --enable-bootstrap --disable-rpath --disable-win32-registry --disable-nls --disable-werror --disable-symvers --with-gnu-as --with-gnu-ld --with-arch=i686 --with-tune=generic --with-libiconv --with-system-zlib --with-gmp=/c/mingw491/prerequisites/i686-w64-mingw32-static --with-mpfr=/c/mingw491/prerequisites/i686-w64-mingw32-static --with-mpc=/c/mingw491/prerequisites/i686-w64-mingw32-static --with-isl=/c/mingw491/prerequisites/i686-w64-mingw32-static --with-cloog=/c/mingw491/prerequisites/i686-w64-mingw32-static --enable-cloog-backend=isl --with-pkgversion='i686-posix-dwarf-rev1, Built by MinGW-W64 project' --with-bugurl=http://sourceforge.net/projects/mingw-w64 CFLAGS='-O2 -pipe -I/c/mingw491/i686-491-posix-dwarf-rt_v3-rev1/mingw32/opt/include -I/c/mingw491/prerequisites/i686-zlib-static/include -I/c/mingw491/prerequisites/i686-w64-mingw32-static/include' CXXFLAGS='-O2 -pipe -I/c/mingw491/i686-491-posix-dwarf-rt_v3-rev1/mingw32/opt/include -I/c/mingw491/prerequisites/i686-zlib-static/include -I/c/mingw491/prerequisites/i686-w64-mingw32-static/include' CPPFLAGS= LDFLAGS='-pipe -L/c/mingw491/i686-491-posix-dwarf-rt_v3-rev1/mingw32/opt/lib -L/c/mingw491/prerequisites/i686-zlib-static/lib -L/c/mingw491/prerequisites/i686-w64-mingw32-static/lib -Wl,--large-address-aware'
Thread model: posix
gcc version 4.9.1 (i686-posix-dwarf-rev1, Built by MinGW-W64 project) 
configure:4655: $? = 0
configure:4644: gcc -V >&5
gcc.exe: error: unrecognized command line option '-V'
gcc.exe: fatal error: no input files
compilation terminated.
configure:4655: $? = 1
configure:4644: gcc -qversion >&5
gcc.exe: error: unrecognized command line option '-qversion'
gcc.exe: fatal error: no input files
compilation terminated.
configure:4655: $? = 1
configure:4659: checking whether we are using the GNU C compiler
configure:4687: result: yes
configure:4696: checking whether gcc accepts -g
configure:4757: result: yes
configure:4774: checking for gcc option to accept ISO C89
configure:4850: result: none needed
configure:4872: checking dependency style of gcc
configure:4983: result: gcc3
configure:4999: checking whether gcc and cc understand -c and -o together
configure:5030: gcc -c conftest.c -o conftest2.o >&5
configure:5034: $? = 0
configure:5040: gcc -c conftest.c -o conftest2.o >&5
configure:5044: $? = 0
configure:5055: cc -c conftest.c >&5
./configure: line 5057: cc: command not found
configure:5059: $? = 127
configure:5099: result: yes
configure:5171: checking how to print strings
configure:5198: result: printf
configure:5219: checking for a sed that does not truncate output
configure:5283: result: /bin/sed
configure:5301: checking for fgrep
configure:5363: result: /bin/grep -F
configure:5398: checking for ld used by gcc
configure:5465: result: c:/mingw32/i686-w64-mingw32/bin/ld.exe
configure:5472: checking if the linker (c:/mingw32/i686-w64-mingw32/bin/ld.exe) is GNU ld
configure:5487: result: yes
configure:5499: checking for BSD- or MS-compatible name lister (nm)
configure:5548: result: /c/mingw32/bin/nm
configure:5678: checking the name lister (/c/mingw32/bin/nm) interface
configure:5685: gcc -c -g -O2  conftest.c >&5
configure:5688: /c/mingw32/bin/nm "conftest.o"
configure:5691: output
00000000 b .bss
00000000 d .data
00000000 N .debug_abbrev
00000000 N .debug_aranges
00000000 N .debug_info
00000000 N .debug_line
00000000 r .rdata$zzz
00000000 t .text
00000000 B _some_variable
configure:5698: result: BSD nm
configure:5701: checking whether ln -s works
configure:5708: result: no, using cp -pR
configure:5713: checking the maximum length of command line arguments
configure:5844: result: 8192
configure:5861: checking whether the shell understands some XSI constructs
configure:5871: result: yes
configure:5875: checking whether the shell understands "+="
configure:5881: result: yes
configure:5916: checking how to convert i686-pc-mingw32 file names to i686-pc-mingw32 format
configure:5956: result: func_convert_file_msys_to_w32
configure:5963: checking how to convert i686-pc-mingw32 file names to toolchain format
configure:5983: result: func_convert_file_msys_to_w32
configure:5990: checking for c:/mingw32/i686-w64-mingw32/bin/ld.exe option to reload object files
configure:5997: result: -r
configure:6071: checking for objdump
configure:6087: found /c/mingw32/bin/objdump
configure:6098: result: objdump
configure:6130: checking how to recognize dependent libraries
configure:6328: result: file_magic ^x86 archive import|^x86 DLL
configure:6413: checking for dlltool
configure:6429: found /c/mingw32/bin/dlltool
configure:6440: result: dlltool
configure:6473: checking how to associate runtime and link libraries
configure:6500: result: func_cygming_dll_for_implib
configure:6560: checking for ar
configure:6576: found /c/mingw32/bin/ar
configure:6587: result: ar
configure:6624: checking for archiver @FILE support
configure:6641: gcc -c -g -O2  conftest.c >&5
configure:6641: $? = 0
configure:6644: ar cru libconftest.a @conftest.lst >&5
configure:6647: $? = 0
configure:6652: ar cru libconftest.a @conftest.lst >&5
c:\mingw32\bin\ar.exe: conftest.o: No such file or directory
configure:6655: $? = 1
configure:6667: result: @
configure:6725: checking for strip
configure:6741: found /c/mingw32/bin/strip
configure:6752: result: strip
configure:6824: checking for ranlib
configure:6840: found /c/mingw32/bin/ranlib
configure:6851: result: ranlib
configure:6953: checking command to parse /c/mingw32/bin/nm output from gcc object
configure:7073: gcc -c -g -O2  conftest.c >&5
configure:7076: $? = 0
configure:7080: /c/mingw32/bin/nm conftest.o \| sed -n -e 's/^.*[ ]\([ABCDGIRSTW][ABCDGIRSTW]*\)[ ][ ]*\([_A-Za-z][_A-Za-z0-9]*\)\{0,1\}$/\1 \2 \2/p' | sed '/ __gnu_lto/d' \> conftest.nm
configure:7083: $? = 0
cannot find nm_test_var in conftest.nm
configure:7073: gcc -c -g -O2  conftest.c >&5
configure:7076: $? = 0
configure:7080: /c/mingw32/bin/nm conftest.o \| sed -n -e 's/^.*[ ]\([ABCDGIRSTW][ABCDGIRSTW]*\)[ ][ ]*_\([_A-Za-z][_A-Za-z0-9]*\)\{0,1\}$/\1 _\2 \2/p' | sed '/ __gnu_lto/d' \> conftest.nm
configure:7083: $? = 0
configure:7149: gcc -o conftest.exe -g -O2   conftest.c conftstm.o >&5
configure:7152: $? = 0
configure:7190: result: ok
configure:7227: checking for sysroot
configure:7257: result: no
configure:7520: checking for mt
configure:7550: result: no
configure:7570: checking if : is a manifest tool
configure:7576: : '-?'
configure:7584: result: no
configure:8226: checking for sys/types.h
configure:8226: gcc -c -g -O2  conftest.c >&5
configure:8226: $? = 0
configure:8226: result: yes
configure:8226: checking for sys/stat.h
configure:8226: gcc -c -g -O2  conftest.c >&5
configure:8226: $? = 0
configure:8226: result: yes
configure:8226: checking for stdlib.h
configure:8226: gcc -c -g -O2  conftest.c >&5
configure:8226: $? = 0
configure:8226: result: yes
configure:8226: checking for string.h
configure:8226: gcc -c -g -O2  conftest.c >&5
configure:8226: $? = 0
configure:8226: result: yes
configure:8226: checking for memory.h
configure:8226: gcc -c -g -O2  conftest.c >&5
configure:8226: $? = 0
configure:8226: result: yes
configure:8226: checking for strings.h
configure:8226: gcc -c -g -O2  conftest.c >&5
configure:8226: $? = 0
configure:8226: result: yes
configure:8226: checking for inttypes.h
configure:8226: gcc -c -g -O2  conftest.c >&5
configure:8226: $? = 0
configure:8226: result: yes
configure:8226: checking for stdint.h
configure:8226: gcc -c -g -O2  conftest.c >&5
configure:8226: $? = 0
configure:8226: result: yes
configure:8226: checking for unistd.h
configure:8226: gcc -c -g -O2  conftest.c >&5
configure:8226: $? = 0
configure:8226: result: yes
configure:8240: checking for dlfcn.h
configure:8240: gcc -c -g -O2  conftest.c >&5
conftest.c:58:19: fatal error: dlfcn.h: No such file or directory
 #include <dlfcn.h>
                   ^
compilation terminated.
configure:8240: $? = 1
configure: failed program was:
| /* confdefs.h */
| #define PACKAGE_NAME ""
| #define PACKAGE_TARNAME ""
| #define PACKAGE_VERSION ""
| #define PACKAGE_STRING ""
| #define PACKAGE_BUGREPORT ""
| #define PACKAGE_URL ""
| #define MAJOR_VERSION 3
| #define MINOR_VERSION 4
| #define MICRO_VERSION 3
| #define PACKAGE "qrencode"
| #define VERSION "3.4.3"
| #define STDC_HEADERS 1
| #define HAVE_SYS_TYPES_H 1
| #define HAVE_SYS_STAT_H 1
| #define HAVE_STDLIB_H 1
| #define HAVE_STRING_H 1
| #define HAVE_MEMORY_H 1
| #define HAVE_STRINGS_H 1
| #define HAVE_INTTYPES_H 1
| #define HAVE_STDINT_H 1
| #define HAVE_UNISTD_H 1
| /* end confdefs.h.  */
| #include <stdio.h>
| #ifdef HAVE_SYS_TYPES_H
| # include <sys/types.h>
| #endif
| #ifdef HAVE_SYS_STAT_H
| # include <sys/stat.h>
| #endif
| #ifdef STDC_HEADERS
| # include <stdlib.h>
| # include <stddef.h>
| #else
| # ifdef HAVE_STDLIB_H
| #  include <stdlib.h>
| # endif
| #endif
| #ifdef HAVE_STRING_H
| # if !defined STDC_HEADERS && defined HAVE_MEMORY_H
| #  include <memory.h>
| # endif
| # include <string.h>
| #endif
| #ifdef HAVE_STRINGS_H
| # include <strings.h>
| #endif
| #ifdef HAVE_INTTYPES_H
| # include <inttypes.h>
| #endif
| #ifdef HAVE_STDINT_H
| # include <stdint.h>
| #endif
| #ifdef HAVE_UNISTD_H
| # include <unistd.h>
| #endif
| 
| #include <dlfcn.h>
configure:8240: result: no
configure:8416: checking for objdir
configure:8431: result: .libs
configure:8698: checking if gcc supports -fno-rtti -fno-exceptions
configure:8716: gcc -c -g -O2  -fno-rtti -fno-exceptions conftest.c >&5
cc1.exe: warning: command line option '-fno-rtti' is valid for C++/ObjC++ but not for C
configure:8720: $? = 0
configure:8733: result: no
configure:9060: checking for gcc option to produce PIC
configure:9067: result: -DDLL_EXPORT -DPIC
configure:9075: checking if gcc PIC flag -DDLL_EXPORT -DPIC works
configure:9093: gcc -c -g -O2  -DDLL_EXPORT -DPIC -DPIC conftest.c >&5
configure:9097: $? = 0
configure:9110: result: yes
configure:9139: checking if gcc static flag -static works
configure:9167: result: yes
configure:9182: checking if gcc supports -c -o file.o
configure:9203: gcc -c -g -O2  -o out/conftest2.o conftest.c >&5
configure:9207: $? = 0
configure:9229: result: yes
configure:9237: checking if gcc supports -c -o file.o
configure:9284: result: yes
configure:9317: checking whether the gcc linker (c:/mingw32/i686-w64-mingw32/bin/ld.exe) supports shared libraries
configure:10474: result: yes
configure:10714: checking dynamic linker characteristics
configure:11448: result: Win32 ld.exe
configure:11555: checking how to hardcode library paths into programs
configure:11580: result: immediate
configure:12120: checking whether stripping libraries is possible
configure:12125: result: yes
configure:12160: checking if libtool supports shared libraries
configure:12162: result: yes
configure:12165: checking whether to build shared libraries
configure:12186: result: no
configure:12189: checking whether to build static libraries
configure:12193: result: yes
configure:12273: checking for ranlib
configure:12300: result: ranlib
configure:12376: checking for pkg-config
configure:12409: result: no
configure:12448: checking for strdup
configure:12448: gcc -o conftest.exe -g -O2   conftest.c ../libpng-1.6.12/.libs/libpng.a ../../mingw32/i686-w64-mingw32/lib/libz.a >&5
conftest.c:48:6: warning: conflicting types for built-in function 'strdup'
 char strdup ();
      ^
configure:12448: $? = 0
configure:12448: result: yes
configure:12467: checking for pthread_mutex_init in -lpthread
configure:12492: gcc -o conftest.exe -g -O2   conftest.c -lpthread  ../libpng-1.6.12/.libs/libpng.a ../../mingw32/i686-w64-mingw32/lib/libz.a >&5
configure:12492: $? = 0
configure:12501: result: yes
configure:14043: creating ./config.status

## ---------------------- ##
## Running config.status. ##
## ---------------------- ##

This file was extended by config.status, which was
generated by GNU Autoconf 2.69.  Invocation command line was

  CONFIG_FILES    = 
  CONFIG_HEADERS  = 
  CONFIG_LINKS    = 
  CONFIG_COMMANDS = 
  $ ./config.status 

on ABC-PC2

config.status:1124: creating Makefile
config.status:1124: creating libqrencode.pc
config.status:1124: creating tests/Makefile
config.status:1124: creating qrencode.spec
config.status:1124: creating qrencode.1
config.status:1124: creating config.h
config.status:1353: executing depfiles commands
config.status:1353: executing libtool commands

## ---------------- ##
## Cache variables. ##
## ---------------- ##

ac_cv_build=i686-pc-mingw32
ac_cv_c_compiler_gnu=yes
ac_cv_c_const=yes
ac_cv_c_inline=inline
ac_cv_env_CC_set=
ac_cv_env_CC_value=
ac_cv_env_CFLAGS_set=
ac_cv_env_CFLAGS_value=
ac_cv_env_CPPFLAGS_set=
ac_cv_env_CPPFLAGS_value=
ac_cv_env_CPP_set=
ac_cv_env_CPP_value=
ac_cv_env_LDFLAGS_set=
ac_cv_env_LDFLAGS_value=
ac_cv_env_LIBS_set=set
ac_cv_env_LIBS_value='../libpng-1.6.12/.libs/libpng.a ../../mingw32/i686-w64-mingw32/lib/libz.a'
ac_cv_env_PKG_CONFIG_LIBDIR_set=
ac_cv_env_PKG_CONFIG_LIBDIR_value=
ac_cv_env_PKG_CONFIG_PATH_set=
ac_cv_env_PKG_CONFIG_PATH_value=
ac_cv_env_PKG_CONFIG_set=
ac_cv_env_PKG_CONFIG_value=
ac_cv_env_build_alias_set=
ac_cv_env_build_alias_value=
ac_cv_env_host_alias_set=
ac_cv_env_host_alias_value=
ac_cv_env_png_CFLAGS_set=set
ac_cv_env_png_CFLAGS_value=-I../libpng-1.6.12
ac_cv_env_png_LIBS_set=set
ac_cv_env_png_LIBS_value=-L../libpng-1.6.12/.libs
ac_cv_env_target_alias_set=
ac_cv_env_target_alias_value=
ac_cv_exeext=.exe
ac_cv_func_strdup=yes
ac_cv_header_dlfcn_h=no
ac_cv_header_inttypes_h=yes
ac_cv_header_memory_h=yes
ac_cv_header_stdc=yes
ac_cv_header_stdint_h=yes
ac_cv_header_stdlib_h=yes
ac_cv_header_string_h=yes
ac_cv_header_strings_h=yes
ac_cv_header_sys_stat_h=yes
ac_cv_header_sys_types_h=yes
ac_cv_header_unistd_h=yes
ac_cv_host=i686-pc-mingw32
ac_cv_lib_pthread_pthread_mutex_init=yes
ac_cv_objext=o
ac_cv_path_EGREP='/bin/grep -E'
ac_cv_path_FGREP='/bin/grep -F'
ac_cv_path_GREP=/bin/grep
ac_cv_path_SED=/bin/sed
ac_cv_path_install='/bin/install -c'
ac_cv_path_mkdir=/bin/mkdir
ac_cv_prog_AWK=gawk
ac_cv_prog_CPP='gcc -E'
ac_cv_prog_ac_ct_AR=ar
ac_cv_prog_ac_ct_CC=gcc
ac_cv_prog_ac_ct_DLLTOOL=dlltool
ac_cv_prog_ac_ct_OBJDUMP=objdump
ac_cv_prog_ac_ct_RANLIB=ranlib
ac_cv_prog_ac_ct_STRIP=strip
ac_cv_prog_cc_c89=
ac_cv_prog_cc_g=yes
ac_cv_prog_cc_gcc_c_o=yes
ac_cv_prog_make_make_set=yes
ac_cv_target=i686-pc-mingw32
am_cv_CC_dependencies_compiler_type=gcc3
lt_cv_ar_at_file=@
lt_cv_deplibs_check_method='file_magic ^x86 archive import|^x86 DLL'
lt_cv_file_magic_cmd=func_win32_libid
lt_cv_file_magic_test_file=
lt_cv_ld_reload_flag=-r
lt_cv_nm_interface='BSD nm'
lt_cv_objdir=.libs
lt_cv_path_LD=c:/mingw32/i686-w64-mingw32/bin/ld.exe
lt_cv_path_NM=/c/mingw32/bin/nm
lt_cv_path_mainfest_tool=no
lt_cv_prog_compiler_c_o=yes
lt_cv_prog_compiler_pic='-DDLL_EXPORT -DPIC'
lt_cv_prog_compiler_pic_works=yes
lt_cv_prog_compiler_rtti_exceptions=no
lt_cv_prog_compiler_static_works=yes
lt_cv_prog_gnu_ld=yes
lt_cv_sharedlib_from_linklib_cmd=func_cygming_dll_for_implib
lt_cv_sys_global_symbol_pipe='sed -n -e '\''s/^.*[	 ]\([ABCDGIRSTW][ABCDGIRSTW]*\)[	 ][	 ]*_\([_A-Za-z][_A-Za-z0-9]*\)\{0,1\}$/\1 _\2 \2/p'\'' | sed '\''/ __gnu_lto/d'\'''
lt_cv_sys_global_symbol_to_c_name_address='sed -n -e '\''s/^: \([^ ]*\)[ ]*$/  {\"\1\", (void *) 0},/p'\'' -e '\''s/^[ABCDGIRSTW]* \([^ ]*\) \([^ ]*\)$/  {"\2", (void *) \&\2},/p'\'''
lt_cv_sys_global_symbol_to_c_name_address_lib_prefix='sed -n -e '\''s/^: \([^ ]*\)[ ]*$/  {\"\1\", (void *) 0},/p'\'' -e '\''s/^[ABCDGIRSTW]* \([^ ]*\) \(lib[^ ]*\)$/  {"\2", (void *) \&\2},/p'\'' -e '\''s/^[ABCDGIRSTW]* \([^ ]*\) \([^ ]*\)$/  {"lib\2", (void *) \&\2},/p'\'''
lt_cv_sys_global_symbol_to_cdecl='sed -n -e '\''s/^T .* \(.*\)$/extern int \1();/p'\'' -e '\''s/^[ABCDGIRSTW]* .* \(.*\)$/extern char \1;/p'\'''
lt_cv_sys_max_cmd_len=8192
lt_cv_to_host_file_cmd=func_convert_file_msys_to_w32
lt_cv_to_tool_file_cmd=func_convert_file_msys_to_w32

## ----------------- ##
## Output variables. ##
## ----------------- ##

ACLOCAL='${SHELL} /c/deps/qrencode-3.4.3/use/missing --run aclocal-1.11'
AMDEPBACKSLASH='\'
AMDEP_FALSE='#'
AMDEP_TRUE=''
AMTAR='$${TAR-tar}'
AR='ar'
AUTOCONF='${SHELL} /c/deps/qrencode-3.4.3/use/missing --run autoconf'
AUTOHEADER='${SHELL} /c/deps/qrencode-3.4.3/use/missing --run autoheader'
AUTOMAKE='${SHELL} /c/deps/qrencode-3.4.3/use/missing --run automake-1.11'
AWK='gawk'
BUILD_TESTS_FALSE=''
BUILD_TESTS_TRUE='#'
BUILD_TOOLS_FALSE=''
BUILD_TOOLS_TRUE='#'
CC='gcc'
CCDEPMODE='depmode=gcc3'
CFLAGS='-Wall -g -O2'
CPP='gcc -E'
CPPFLAGS=''
CYGPATH_W='echo'
DEFS='-DHAVE_CONFIG_H'
DEPDIR='.deps'
DLLTOOL='dlltool'
DSYMUTIL=''
DUMPBIN=''
ECHO_C=''
ECHO_N='-n'
ECHO_T=''
EGREP='/bin/grep -E'
EXEEXT='.exe'
FGREP='/bin/grep -F'
GREP='/bin/grep'
HAVE_LIBPTHREAD_FALSE='#'
HAVE_LIBPTHREAD_TRUE=''
HAVE_SDL_FALSE=''
HAVE_SDL_TRUE='#'
INSTALL_DATA='${INSTALL} -m 644'
INSTALL_PROGRAM='${INSTALL}'
INSTALL_SCRIPT='${INSTALL}'
INSTALL_STRIP_PROGRAM='$(install_sh) -c -s'
LD='c:/mingw32/i686-w64-mingw32/bin/ld.exe'
LDFLAGS=''
LIBICONV=''
LIBOBJS=''
LIBPTHREAD='-lpthread'
LIBS='../libpng-1.6.12/.libs/libpng.a ../../mingw32/i686-w64-mingw32/lib/libz.a'
LIBTOOL='$(SHELL) $(top_builddir)/libtool'
LIPO=''
LN_S='cp -pR'
LTLIBICONV=''
LTLIBOBJS=''
MAJOR_VERSION='3'
MAKEINFO='${SHELL} /c/deps/qrencode-3.4.3/use/missing --run makeinfo'
MANIFEST_TOOL=':'
MICRO_VERSION='3'
MINOR_VERSION='4'
MKDIR_P='/bin/mkdir -p'
NM='/c/mingw32/bin/nm'
NMEDIT=''
OBJDUMP='objdump'
OBJEXT='o'
OTOOL64=''
OTOOL=''
PACKAGE='qrencode'
PACKAGE_BUGREPORT=''
PACKAGE_NAME=''
PACKAGE_STRING=''
PACKAGE_TARNAME=''
PACKAGE_URL=''
PACKAGE_VERSION=''
PATH_SEPARATOR=':'
PKG_CONFIG=''
PKG_CONFIG_LIBDIR=''
PKG_CONFIG_PATH=''
RANLIB='ranlib'
SDL_CFLAGS=''
SDL_CONFIG=''
SDL_LIBS=''
SED='/bin/sed'
SET_MAKE=''
SHELL='/bin/sh'
STRIP='strip'
VERSION='3.4.3'
ac_ct_AR='ar'
ac_ct_CC='gcc'
ac_ct_DUMPBIN=''
am__EXEEXT_FALSE='#'
am__EXEEXT_TRUE=''
am__fastdepCC_FALSE='#'
am__fastdepCC_TRUE=''
am__include='include'
am__isrc=''
am__leading_dot='.'
am__nodep='_no'
am__quote=''
am__tar='$${TAR-tar} chof - "$$tardir"'
am__untar='$${TAR-tar} xf -'
bindir='${exec_prefix}/bin'
build='i686-pc-mingw32'
build_alias=''
build_cpu='i686'
build_os='mingw32'
build_vendor='pc'
datadir='${datarootdir}'
datarootdir='${prefix}/share'
docdir='${datarootdir}/doc/${PACKAGE}'
dvidir='${docdir}'
exec_prefix='${prefix}'
host='i686-pc-mingw32'
host_alias=''
host_cpu='i686'
host_os='mingw32'
host_vendor='pc'
htmldir='${docdir}'
includedir='${prefix}/include'
infodir='${datarootdir}/info'
install_sh='${SHELL} /c/deps/qrencode-3.4.3/use/install-sh'
libdir='${exec_prefix}/lib'
libexecdir='${exec_prefix}/libexec'
localedir='${datarootdir}/locale'
localstatedir='${prefix}/var'
mandir='${datarootdir}/man'
mkdir_p='/bin/mkdir -p'
oldincludedir='/usr/include'
pdfdir='${docdir}'
png_CFLAGS='-I../libpng-1.6.12'
png_LIBS='-L../libpng-1.6.12/.libs'
prefix='/usr/local'
program_transform_name='s,x,x,'
psdir='${docdir}'
sbindir='${exec_prefix}/sbin'
sharedstatedir='${prefix}/com'
sysconfdir='${prefix}/etc'
target='i686-pc-mingw32'
target_alias=''
target_cpu='i686'
target_os='mingw32'
target_vendor='pc'

## ----------- ##
## confdefs.h. ##
## ----------- ##

/* confdefs.h */
#define PACKAGE_NAME ""
#define PACKAGE_TARNAME ""
#define PACKAGE_VERSION ""
#define PACKAGE_STRING ""
#define PACKAGE_BUGREPORT ""
#define PACKAGE_URL ""
#define MAJOR_VERSION 3
#define MINOR_VERSION 4
#define MICRO_VERSION 3
#define PACKAGE "qrencode"
#define VERSION "3.4.3"
#define STDC_HEADERS 1
#define HAVE_SYS_TYPES_H 1
#define HAVE_SYS_STAT_H 1
#define HAVE_STDLIB_H 1
#define HAVE_STRING_H 1
#define HAVE_MEMORY_H 1
#define HAVE_STRINGS_H 1
#define HAVE_INTTYPES_H 1
#define HAVE_STDINT_H 1
#define HAVE_UNISTD_H 1
#define LT_OBJDIR ".libs/"
#define HAVE_STRDUP 1
#define HAVE_LIBPTHREAD 1
#define __STATIC static
/* #undef WITH_TESTS */

configure: exit 0
